<?xml version="1.0" encoding="UTF-8"?>
<!-- Generated by org.testng.reporters.JUnitXMLReporter -->
<testsuite ignored="1" hostname="Priya-LAPTOP-1TGV3P3L" failures="1" tests="1" name="Default test(failed)" time="63.604" errors="0" timestamp="2023-02-27T19:03:24 IST">
  <testcase classname="testScripts.SampleOneTest" name="seleniumSearchTest" time="63.536">
    <failure type="java.lang.AssertionError" message="expected [Selenium Tutorial - Google Search Page] but found [Seleniuum Tutorial - Google Search]">
      <![CDATA[java.lang.AssertionError: expected [Selenium Tutorial - Google Search Page] but found [Seleniuum Tutorial - Google Search]
at testScripts.SampleOneTest.seleniumSearchTest(SampleOneTest.java:34)
at java.base/java.util.ArrayList.forEach(ArrayList.java:1511)
... Removed 33 stack frames]]>
    </failure>
  </testcase> <!-- seleniumSearchTest -->
  <testcase classname="testScripts.SampleOneTest" name="javaSearchTest" time="0.0">
    <ignored/>
  </testcase> <!-- javaSearchTest -->
</testsuite> <!-- Default test(failed) -->
